/Users/solidcell/workspace/okc_browser/config.ru:18:in `require': no such file to load -- okc_browser (LoadError)
	from /Users/solidcell/workspace/okc_browser/config.ru:18:in `block in <main>'
	from /Users/solidcell/.rvm/gems/ruby-1.9.2-p0/gems/rack-1.4.0/lib/rack/builder.rb:51:in `instance_eval'
	from /Users/solidcell/.rvm/gems/ruby-1.9.2-p0/gems/rack-1.4.0/lib/rack/builder.rb:51:in `initialize'
	from /Users/solidcell/workspace/okc_browser/config.ru:1:in `new'
	from /Users/solidcell/workspace/okc_browser/config.ru:1:in `<main>'
	from /Users/solidcell/.rvm/gems/ruby-1.9.2-p0/gems/rack-1.4.0/lib/rack/builder.rb:40:in `eval'
	from /Users/solidcell/.rvm/gems/ruby-1.9.2-p0/gems/rack-1.4.0/lib/rack/builder.rb:40:in `parse_file'
	from /Users/solidcell/.rvm/gems/ruby-1.9.2-p0/gems/rack-1.4.0/lib/rack/server.rb:200:in `app'
	from /Users/solidcell/.rvm/gems/ruby-1.9.2-p0/gems/rack-1.4.0/lib/rack/server.rb:301:in `wrapped_app'
	from /Users/solidcell/.rvm/gems/ruby-1.9.2-p0/gems/rack-1.4.0/lib/rack/server.rb:252:in `start'
	from /Users/solidcell/.rvm/gems/ruby-1.9.2-p0/gems/rack-1.4.0/lib/rack/server.rb:137:in `start'
	from /Users/solidcell/.rvm/gems/ruby-1.9.2-p0/gems/rack-1.4.0/bin/rackup:4:in `<top (required)>'
	from /Users/solidcell/.rvm/gems/ruby-1.9.2-p0/bin/rackup:19:in `load'
	from /Users/solidcell/.rvm/gems/ruby-1.9.2-p0/bin/rackup:19:in `<main>'
/Users/solidcell/workspace/okc_browser/config.ru:18:in `require': no such file to load -- okc_browser (LoadError)
	from /Users/solidcell/workspace/okc_browser/config.ru:18:in `block in <main>'
	from /Users/solidcell/.rvm/gems/ruby-1.9.2-p0/gems/rack-1.4.0/lib/rack/builder.rb:51:in `instance_eval'
	from /Users/solidcell/.rvm/gems/ruby-1.9.2-p0/gems/rack-1.4.0/lib/rack/builder.rb:51:in `initialize'
	from /Users/solidcell/workspace/okc_browser/config.ru:1:in `new'
	from /Users/solidcell/workspace/okc_browser/config.ru:1:in `<main>'
	from /Users/solidcell/.rvm/gems/ruby-1.9.2-p0/gems/rack-1.4.0/lib/rack/builder.rb:40:in `eval'
	from /Users/solidcell/.rvm/gems/ruby-1.9.2-p0/gems/rack-1.4.0/lib/rack/builder.rb:40:in `parse_file'
	from /Users/solidcell/.rvm/gems/ruby-1.9.2-p0/gems/rack-1.4.0/lib/rack/server.rb:200:in `app'
	from /Users/solidcell/.rvm/gems/ruby-1.9.2-p0/gems/rack-1.4.0/lib/rack/server.rb:301:in `wrapped_app'
	from /Users/solidcell/.rvm/gems/ruby-1.9.2-p0/gems/rack-1.4.0/lib/rack/server.rb:252:in `start'
	from /Users/solidcell/.rvm/gems/ruby-1.9.2-p0/gems/rack-1.4.0/lib/rack/server.rb:137:in `start'
	from /Users/solidcell/.rvm/gems/ruby-1.9.2-p0/gems/rack-1.4.0/bin/rackup:4:in `<top (required)>'
	from /Users/solidcell/.rvm/gems/ruby-1.9.2-p0/bin/rackup:19:in `load'
	from /Users/solidcell/.rvm/gems/ruby-1.9.2-p0/bin/rackup:19:in `<main>'
