Encoding::UndefinedConversionError - "\xC4" from ASCII-8BIT to UTF-8:
	/home/rails/okc_browser/web/views/index.erb:2:in `encode'
	/home/rails/okc_browser/web/views/index.erb:2:in `to_json'
	/home/rails/okc_browser/web/views/index.erb:2:in `evaluate_source'
	/home/rails/okc_browser/web/vendor/ruby/1.9.1/gems/tilt-1.3.3/lib/tilt/template.rb:209:in `instance_eval'
	/home/rails/okc_browser/web/vendor/ruby/1.9.1/gems/tilt-1.3.3/lib/tilt/template.rb:209:in `evaluate_source'
	/home/rails/okc_browser/web/vendor/ruby/1.9.1/gems/tilt-1.3.3/lib/tilt/template.rb:144:in `cached_evaluate'
	/home/rails/okc_browser/web/vendor/ruby/1.9.1/gems/tilt-1.3.3/lib/tilt/template.rb:127:in `evaluate'
	/home/rails/okc_browser/web/vendor/ruby/1.9.1/gems/tilt-1.3.3/lib/tilt/template.rb:76:in `render'
	/home/rails/okc_browser/web/vendor/ruby/1.9.1/gems/sinatra-1.3.2/lib/sinatra/base.rb:636:in `render'
	/home/rails/okc_browser/web/vendor/ruby/1.9.1/gems/sinatra-1.3.2/lib/sinatra/base.rb:522:in `erb'
	/home/rails/okc_browser/web/okcupid_browser.rb:19:in `block in <class:OKCBrowser>'
	/home/rails/okc_browser/web/vendor/ruby/1.9.1/gems/sinatra-1.3.2/lib/sinatra/base.rb:1212:in `call'
	/home/rails/okc_browser/web/vendor/ruby/1.9.1/gems/sinatra-1.3.2/lib/sinatra/base.rb:1212:in `block in compile!'
	/home/rails/okc_browser/web/vendor/ruby/1.9.1/gems/sinatra-1.3.2/lib/sinatra/base.rb:785:in `[]'
	/home/rails/okc_browser/web/vendor/ruby/1.9.1/gems/sinatra-1.3.2/lib/sinatra/base.rb:785:in `block (3 levels) in route!'
	/home/rails/okc_browser/web/vendor/ruby/1.9.1/gems/sinatra-1.3.2/lib/sinatra/base.rb:801:in `route_eval'
	/home/rails/okc_browser/web/vendor/ruby/1.9.1/gems/sinatra-1.3.2/lib/sinatra/base.rb:785:in `block (2 levels) in route!'
	/home/rails/okc_browser/web/vendor/ruby/1.9.1/gems/sinatra-1.3.2/lib/sinatra/base.rb:822:in `block in process_route'
	/home/rails/okc_browser/web/vendor/ruby/1.9.1/gems/sinatra-1.3.2/lib/sinatra/base.rb:820:in `catch'
	/home/rails/okc_browser/web/vendor/ruby/1.9.1/gems/sinatra-1.3.2/lib/sinatra/base.rb:820:in `process_route'
	/home/rails/okc_browser/web/vendor/ruby/1.9.1/gems/sinatra-1.3.2/lib/sinatra/base.rb:784:in `block in route!'
	/home/rails/okc_browser/web/vendor/ruby/1.9.1/gems/sinatra-1.3.2/lib/sinatra/base.rb:783:in `each'
	/home/rails/okc_browser/web/vendor/ruby/1.9.1/gems/sinatra-1.3.2/lib/sinatra/base.rb:783:in `route!'
	/home/rails/okc_browser/web/vendor/ruby/1.9.1/gems/sinatra-1.3.2/lib/sinatra/base.rb:886:in `dispatch!'
	/home/rails/okc_browser/web/vendor/ruby/1.9.1/gems/sinatra-1.3.2/lib/sinatra/base.rb:719:in `block in call!'
	/home/rails/okc_browser/web/vendor/ruby/1.9.1/gems/sinatra-1.3.2/lib/sinatra/base.rb:871:in `block in invoke'
	/home/rails/okc_browser/web/vendor/ruby/1.9.1/gems/sinatra-1.3.2/lib/sinatra/base.rb:871:in `catch'
	/home/rails/okc_browser/web/vendor/ruby/1.9.1/gems/sinatra-1.3.2/lib/sinatra/base.rb:871:in `invoke'
	/home/rails/okc_browser/web/vendor/ruby/1.9.1/gems/sinatra-1.3.2/lib/sinatra/base.rb:719:in `call!'
	/home/rails/okc_browser/web/vendor/ruby/1.9.1/gems/sinatra-1.3.2/lib/sinatra/base.rb:705:in `call'
	/home/rails/okc_browser/web/vendor/ruby/1.9.1/gems/rack-1.4.0/lib/rack/session/abstract/id.rb:205:in `context'
	/home/rails/okc_browser/web/vendor/ruby/1.9.1/gems/rack-1.4.0/lib/rack/session/abstract/id.rb:200:in `call'
	/home/rails/okc_browser/web/vendor/ruby/1.9.1/gems/rack-protection-1.2.0/lib/rack/protection/xss_header.rb:22:in `call'
	/home/rails/okc_browser/web/vendor/ruby/1.9.1/gems/rack-protection-1.2.0/lib/rack/protection/path_traversal.rb:16:in `call'
	/home/rails/okc_browser/web/vendor/ruby/1.9.1/gems/rack-protection-1.2.0/lib/rack/protection/json_csrf.rb:17:in `call'
	/home/rails/okc_browser/web/vendor/ruby/1.9.1/gems/rack-protection-1.2.0/lib/rack/protection/base.rb:47:in `call'
	/home/rails/okc_browser/web/vendor/ruby/1.9.1/gems/rack-protection-1.2.0/lib/rack/protection/xss_header.rb:22:in `call'
	/home/rails/okc_browser/web/vendor/ruby/1.9.1/gems/rack-1.4.0/lib/rack/nulllogger.rb:9:in `call'
	/home/rails/okc_browser/web/vendor/ruby/1.9.1/gems/rack-1.4.0/lib/rack/head.rb:9:in `call'
	/home/rails/okc_browser/web/vendor/ruby/1.9.1/gems/sinatra-1.3.2/lib/sinatra/base.rb:1334:in `block in call'
	/home/rails/okc_browser/web/vendor/ruby/1.9.1/gems/sinatra-1.3.2/lib/sinatra/base.rb:1416:in `synchronize'
	/home/rails/okc_browser/web/vendor/ruby/1.9.1/gems/sinatra-1.3.2/lib/sinatra/base.rb:1334:in `call'
	/usr/local/passenger-3.0.2/lib/phusion_passenger/rack/request_handler.rb:96:in `process_request'
	/usr/local/passenger-3.0.2/lib/phusion_passenger/abstract_request_handler.rb:513:in `accept_and_process_next_request'
	/usr/local/passenger-3.0.2/lib/phusion_passenger/abstract_request_handler.rb:274:in `main_loop'
	/usr/local/passenger-3.0.2/lib/phusion_passenger/rack/application_spawner.rb:205:in `start_request_handler'
	/usr/local/passenger-3.0.2/lib/phusion_passenger/rack/application_spawner.rb:170:in `block in handle_spawn_application'
	/usr/local/passenger-3.0.2/lib/phusion_passenger/utils.rb:479:in `safe_fork'
	/usr/local/passenger-3.0.2/lib/phusion_passenger/rack/application_spawner.rb:165:in `handle_spawn_application'
	/usr/local/passenger-3.0.2/lib/phusion_passenger/abstract_server.rb:357:in `server_main_loop'
	/usr/local/passenger-3.0.2/lib/phusion_passenger/abstract_server.rb:206:in `start_synchronously'
	/usr/local/passenger-3.0.2/lib/phusion_passenger/abstract_server.rb:180:in `start'
	/usr/local/passenger-3.0.2/lib/phusion_passenger/rack/application_spawner.rb:128:in `start'
	/usr/local/passenger-3.0.2/lib/phusion_passenger/spawn_manager.rb:253:in `block (2 levels) in spawn_rack_application'
	/usr/local/passenger-3.0.2/lib/phusion_passenger/abstract_server_collection.rb:132:in `lookup_or_add'
	/usr/local/passenger-3.0.2/lib/phusion_passenger/spawn_manager.rb:246:in `block in spawn_rack_application'
	/usr/local/passenger-3.0.2/lib/phusion_passenger/abstract_server_collection.rb:82:in `block in synchronize'
	<internal:prelude>:10:in `synchronize'
	/usr/local/passenger-3.0.2/lib/phusion_passenger/abstract_server_collection.rb:79:in `synchronize'
	/usr/local/passenger-3.0.2/lib/phusion_passenger/spawn_manager.rb:244:in `spawn_rack_application'
	/usr/local/passenger-3.0.2/lib/phusion_passenger/spawn_manager.rb:137:in `spawn_application'
	/usr/local/passenger-3.0.2/lib/phusion_passenger/spawn_manager.rb:275:in `handle_spawn_application'
	/usr/local/passenger-3.0.2/lib/phusion_passenger/abstract_server.rb:357:in `server_main_loop'
	/usr/local/passenger-3.0.2/lib/phusion_passenger/abstract_server.rb:206:in `start_synchronously'
	/usr/local/passenger-3.0.2/helper-scripts/passenger-spawn-server:99:in `<main>'
Encoding::UndefinedConversionError - "\xC4" from ASCII-8BIT to UTF-8:
	/home/rails/okc_browser/web/views/index.erb:4:in `encode'
	/home/rails/okc_browser/web/views/index.erb:4:in `to_json'
	/home/rails/okc_browser/web/views/index.erb:4:in `block in singletonclass'
	/home/rails/okc_browser/web/views/index.erb:65532:in `instance_eval'
	/home/rails/okc_browser/web/views/index.erb:65532:in `singletonclass'
	/home/rails/okc_browser/web/views/index.erb:65530:in `__tilt_68337310'
	/home/rails/okc_browser/web/vendor/ruby/1.9.1/gems/tilt-1.3.3/lib/tilt/template.rb:140:in `call'
	/home/rails/okc_browser/web/vendor/ruby/1.9.1/gems/tilt-1.3.3/lib/tilt/template.rb:140:in `cached_evaluate'
	/home/rails/okc_browser/web/vendor/ruby/1.9.1/gems/tilt-1.3.3/lib/tilt/template.rb:127:in `evaluate'
	/home/rails/okc_browser/web/vendor/ruby/1.9.1/gems/tilt-1.3.3/lib/tilt/template.rb:76:in `render'
	/home/rails/okc_browser/web/vendor/ruby/1.9.1/gems/sinatra-1.3.2/lib/sinatra/base.rb:636:in `render'
	/home/rails/okc_browser/web/vendor/ruby/1.9.1/gems/sinatra-1.3.2/lib/sinatra/base.rb:522:in `erb'
	/home/rails/okc_browser/web/okcupid_browser.rb:19:in `block in <class:OKCBrowser>'
	/home/rails/okc_browser/web/vendor/ruby/1.9.1/gems/sinatra-1.3.2/lib/sinatra/base.rb:1212:in `call'
	/home/rails/okc_browser/web/vendor/ruby/1.9.1/gems/sinatra-1.3.2/lib/sinatra/base.rb:1212:in `block in compile!'
	/home/rails/okc_browser/web/vendor/ruby/1.9.1/gems/sinatra-1.3.2/lib/sinatra/base.rb:785:in `[]'
	/home/rails/okc_browser/web/vendor/ruby/1.9.1/gems/sinatra-1.3.2/lib/sinatra/base.rb:785:in `block (3 levels) in route!'
	/home/rails/okc_browser/web/vendor/ruby/1.9.1/gems/sinatra-1.3.2/lib/sinatra/base.rb:801:in `route_eval'
	/home/rails/okc_browser/web/vendor/ruby/1.9.1/gems/sinatra-1.3.2/lib/sinatra/base.rb:785:in `block (2 levels) in route!'
	/home/rails/okc_browser/web/vendor/ruby/1.9.1/gems/sinatra-1.3.2/lib/sinatra/base.rb:822:in `block in process_route'
	/home/rails/okc_browser/web/vendor/ruby/1.9.1/gems/sinatra-1.3.2/lib/sinatra/base.rb:820:in `catch'
	/home/rails/okc_browser/web/vendor/ruby/1.9.1/gems/sinatra-1.3.2/lib/sinatra/base.rb:820:in `process_route'
	/home/rails/okc_browser/web/vendor/ruby/1.9.1/gems/sinatra-1.3.2/lib/sinatra/base.rb:784:in `block in route!'
	/home/rails/okc_browser/web/vendor/ruby/1.9.1/gems/sinatra-1.3.2/lib/sinatra/base.rb:783:in `each'
	/home/rails/okc_browser/web/vendor/ruby/1.9.1/gems/sinatra-1.3.2/lib/sinatra/base.rb:783:in `route!'
	/home/rails/okc_browser/web/vendor/ruby/1.9.1/gems/sinatra-1.3.2/lib/sinatra/base.rb:886:in `dispatch!'
	/home/rails/okc_browser/web/vendor/ruby/1.9.1/gems/sinatra-1.3.2/lib/sinatra/base.rb:719:in `block in call!'
	/home/rails/okc_browser/web/vendor/ruby/1.9.1/gems/sinatra-1.3.2/lib/sinatra/base.rb:871:in `block in invoke'
	/home/rails/okc_browser/web/vendor/ruby/1.9.1/gems/sinatra-1.3.2/lib/sinatra/base.rb:871:in `catch'
	/home/rails/okc_browser/web/vendor/ruby/1.9.1/gems/sinatra-1.3.2/lib/sinatra/base.rb:871:in `invoke'
	/home/rails/okc_browser/web/vendor/ruby/1.9.1/gems/sinatra-1.3.2/lib/sinatra/base.rb:719:in `call!'
	/home/rails/okc_browser/web/vendor/ruby/1.9.1/gems/sinatra-1.3.2/lib/sinatra/base.rb:705:in `call'
	/home/rails/okc_browser/web/vendor/ruby/1.9.1/gems/rack-1.4.0/lib/rack/session/abstract/id.rb:205:in `context'
	/home/rails/okc_browser/web/vendor/ruby/1.9.1/gems/rack-1.4.0/lib/rack/session/abstract/id.rb:200:in `call'
	/home/rails/okc_browser/web/vendor/ruby/1.9.1/gems/rack-protection-1.2.0/lib/rack/protection/xss_header.rb:22:in `call'
	/home/rails/okc_browser/web/vendor/ruby/1.9.1/gems/rack-protection-1.2.0/lib/rack/protection/path_traversal.rb:16:in `call'
	/home/rails/okc_browser/web/vendor/ruby/1.9.1/gems/rack-protection-1.2.0/lib/rack/protection/json_csrf.rb:17:in `call'
	/home/rails/okc_browser/web/vendor/ruby/1.9.1/gems/rack-protection-1.2.0/lib/rack/protection/base.rb:47:in `call'
	/home/rails/okc_browser/web/vendor/ruby/1.9.1/gems/rack-protection-1.2.0/lib/rack/protection/xss_header.rb:22:in `call'
	/home/rails/okc_browser/web/vendor/ruby/1.9.1/gems/rack-1.4.0/lib/rack/nulllogger.rb:9:in `call'
	/home/rails/okc_browser/web/vendor/ruby/1.9.1/gems/rack-1.4.0/lib/rack/head.rb:9:in `call'
	/home/rails/okc_browser/web/vendor/ruby/1.9.1/gems/sinatra-1.3.2/lib/sinatra/base.rb:1334:in `block in call'
	/home/rails/okc_browser/web/vendor/ruby/1.9.1/gems/sinatra-1.3.2/lib/sinatra/base.rb:1416:in `synchronize'
	/home/rails/okc_browser/web/vendor/ruby/1.9.1/gems/sinatra-1.3.2/lib/sinatra/base.rb:1334:in `call'
	/usr/local/passenger-3.0.2/lib/phusion_passenger/rack/request_handler.rb:96:in `process_request'
	/usr/local/passenger-3.0.2/lib/phusion_passenger/abstract_request_handler.rb:513:in `accept_and_process_next_request'
	/usr/local/passenger-3.0.2/lib/phusion_passenger/abstract_request_handler.rb:274:in `main_loop'
	/usr/local/passenger-3.0.2/lib/phusion_passenger/rack/application_spawner.rb:205:in `start_request_handler'
	/usr/local/passenger-3.0.2/lib/phusion_passenger/rack/application_spawner.rb:170:in `block in handle_spawn_application'
	/usr/local/passenger-3.0.2/lib/phusion_passenger/utils.rb:479:in `safe_fork'
	/usr/local/passenger-3.0.2/lib/phusion_passenger/rack/application_spawner.rb:165:in `handle_spawn_application'
	/usr/local/passenger-3.0.2/lib/phusion_passenger/abstract_server.rb:357:in `server_main_loop'
	/usr/local/passenger-3.0.2/lib/phusion_passenger/abstract_server.rb:206:in `start_synchronously'
	/usr/local/passenger-3.0.2/lib/phusion_passenger/abstract_server.rb:180:in `start'
	/usr/local/passenger-3.0.2/lib/phusion_passenger/rack/application_spawner.rb:128:in `start'
	/usr/local/passenger-3.0.2/lib/phusion_passenger/spawn_manager.rb:253:in `block (2 levels) in spawn_rack_application'
	/usr/local/passenger-3.0.2/lib/phusion_passenger/abstract_server_collection.rb:132:in `lookup_or_add'
	/usr/local/passenger-3.0.2/lib/phusion_passenger/spawn_manager.rb:246:in `block in spawn_rack_application'
	/usr/local/passenger-3.0.2/lib/phusion_passenger/abstract_server_collection.rb:82:in `block in synchronize'
	<internal:prelude>:10:in `synchronize'
	/usr/local/passenger-3.0.2/lib/phusion_passenger/abstract_server_collection.rb:79:in `synchronize'
	/usr/local/passenger-3.0.2/lib/phusion_passenger/spawn_manager.rb:244:in `spawn_rack_application'
	/usr/local/passenger-3.0.2/lib/phusion_passenger/spawn_manager.rb:137:in `spawn_application'
	/usr/local/passenger-3.0.2/lib/phusion_passenger/spawn_manager.rb:275:in `handle_spawn_application'
	/usr/local/passenger-3.0.2/lib/phusion_passenger/abstract_server.rb:357:in `server_main_loop'
	/usr/local/passenger-3.0.2/lib/phusion_passenger/abstract_server.rb:206:in `start_synchronously'
	/usr/local/passenger-3.0.2/helper-scripts/passenger-spawn-server:99:in `<main>'